0 verbose cli /usr/bin/node /usr/share/nodejs/npm/bin/npm-cli.js
1 info using npm@9.2.0
2 info using node@v18.19.0
3 timing npm:load:whichnode Completed in 1ms
4 timing config:load:defaults Completed in 4ms
5 timing config:load:file:/usr/share/nodejs/npm/npmrc Completed in 8ms
6 timing config:load:builtin Completed in 8ms
7 timing config:load:cli Completed in 4ms
8 timing config:load:env Completed in 0ms
9 timing config:load:project Completed in 2ms
10 timing config:load:file:/root/.npmrc Completed in 0ms
11 timing config:load:user Completed in 1ms
12 timing config:load:file:/etc/npmrc Completed in 0ms
13 timing config:load:global Completed in 1ms
14 timing config:load:setEnvs Completed in 2ms
15 timing config:load Completed in 24ms
16 timing npm:load:configload Completed in 24ms
17 timing npm:load:mkdirpcache Completed in 3ms
18 timing npm:load:mkdirplogs Completed in 4ms
19 verbose title npm exec create-next-app@latest my-nextjs-app
20 verbose argv "exec" "--" "create-next-app@latest" "my-nextjs-app"
21 timing npm:load:setTitle Completed in 6ms
22 timing config:load:flatten Completed in 7ms
23 timing npm:load:display Completed in 8ms
24 verbose logfile logs-max:10 dir:/root/.npm/_logs/2024-09-02T22_17_55_115Z-
25 verbose logfile /root/.npm/_logs/2024-09-02T22_17_55_115Z-debug-0.log
26 timing npm:load:logFile Completed in 28ms
27 timing npm:load:timers Completed in 0ms
28 timing npm:load:configScope Completed in 1ms
29 timing npm:load Completed in 77ms
30 silly logfile done cleaning log files
31 timing arborist:ctor Completed in 2ms
32 http fetch GET 200 https://registry.npmjs.org/create-next-app 1509ms (cache miss)
33 timing arborist:ctor Completed in 0ms
34 timing arborist:ctor Completed in 1ms
35 timing arborist:ctor Completed in 0ms
36 timing idealTree:init Completed in 62ms
37 timing idealTree:userRequests Completed in 13ms
38 silly idealTree buildDeps
39 silly fetch manifest create-next-app@14.2.7
40 http fetch GET 200 https://registry.npmjs.org/create-next-app 311ms (cache hit)
41 silly placeDep ROOT create-next-app@14.2.7 OK for:  want: 14.2.7
42 timing idealTree:#root Completed in 540ms
43 timing idealTree:node_modules/create-next-app Completed in 0ms
44 timing idealTree:buildDeps Completed in 547ms
45 timing idealTree:fixDepFlags Completed in 1ms
46 timing idealTree Completed in 632ms
47 timing reify:loadTrees Completed in 634ms
48 timing reify:diffTrees Completed in 3ms
49 silly reify moves {}
50 timing reify:retireShallow Completed in 3ms
51 timing reify:createSparse Completed in 16ms
52 timing reify:loadBundles Completed in 0ms
53 silly audit bulk request { 'create-next-app': [ '14.2.7' ] }
54 silly tarball no local data for create-next-app@https://registry.npmjs.org/create-next-app/-/create-next-app-14.2.7.tgz. Extracting by manifest.
55 http fetch POST 200 https://registry.npmjs.org/-/npm/v1/security/advisories/bulk 241ms
56 timing auditReport:getReport Completed in 247ms
57 silly audit report {}
58 timing auditReport:init Completed in 0ms
59 timing reify:audit Completed in 251ms
60 http fetch GET 200 https://registry.npmjs.org/create-next-app/-/create-next-app-14.2.7.tgz 2268ms (cache miss)
61 timing reifyNode:node_modules/create-next-app Completed in 2319ms
62 timing reify:unpack Completed in 2322ms
63 timing reify:unretire Completed in 0ms
64 timing build:queue Completed in 4ms
65 timing build:link:node_modules/create-next-app Completed in 31ms
66 timing build:link Completed in 32ms
67 timing build:deps Completed in 39ms
68 timing build Completed in 39ms
69 timing reify:build Completed in 40ms
70 timing reify:trash Completed in 0ms
71 timing reify:save Completed in 22ms
72 timing reify Completed in 3090ms
